<?xml version="1.0" encoding="UTF-8"?>
<!-- Generated by org.testng.reporters.JUnitReportReporter -->
<testsuite hostname="DESKTOP-1ILH4UB" failures="0" tests="1" name="getrequest.getrequest1" time="2.683" errors="0" timestamp="2020-01-02T18:53:10 IST" skipped="0">
  <testcase classname="getrequest.getrequest1" name="googleMapTest" time="2.683"/>
  <system-out/>
</testsuite> <!-- getrequest.getrequest1 -->
