<?xml version="1.0" encoding="UTF-8"?>
<!-- Generated by org.testng.reporters.JUnitReportReporter -->
<testsuite hostname="DESKTOP-1ILH4UB" failures="0" tests="1" name="postrequest.postrequest" time="2.906" errors="0" timestamp="2020-01-02T18:45:44 IST" skipped="0">
  <testcase classname="postrequest.postrequest" name="Registrationsuccessful" time="2.906"/>
  <system-out/>
</testsuite> <!-- postrequest.postrequest -->
